Loading required package: ape
Loading required package: ape
Loading required package: ape
Loading required package: ape
Loading required package: ape
Loading required package: ape
Loading required package: ape
Loading required package: ape
Loading required package: ape
Loading required package: ape
Loading required package: ape
Loading required package: ape
Loading required package: ape
Loading required package: ape
Loading required package: ape
Loading required package: ape
Loading required package: ape
Loading required package: ape
Loading required package: ape
Loading required package: ape
Loading required package: ape
Loading required package: ape
Loading required package: ape
Loading required package: ape
Loading required package: ape
Loading required package: ape
Loading required package: ape
Loading required package: ape
Loading required package: ape
Loading required package: ape
Loading required package: ape
Loading required package: ape
Loading required package: ape
Loading required package: ape
Loading required package: ape
Loading required package: ape
Loading required package: ape
Loading required package: ape
Loading required package: ape
Loading required package: ape
Loading required package: ape
Loading required package: ape
Loading required package: ape
Loading required package: ape
Loading required package: ape
Loading required package: ape
Loading required package: ape
Loading required package: ape
Loading required package: ape
Loading required package: ape
Loading required package: ape
Loading required package: ape
Loading required package: ape
Loading required package: ape
Loading required package: ape
Loading required package: ape
Loading required package: ape
Loading required package: ape
Loading required package: ape
Loading required package: ape
Loading required package: ape
Loading required package: ape
Loading required package: ape
Loading required package: ape
Loading required package: ape
Loading required package: ape
Loading required package: ape
Loading required package: ape
Loading required package: ape
Loading required package: ape
Loading required package: ape
Loading required package: ape
Loading required package: ape
Loading required package: ape
Loading required package: ape
Loading required package: ape
Loading required package: ape
Loading required package: ape
Loading required package: ape
Loading required package: ape
Loading required package: ape
Loading required package: ape
Loading required package: ape
Loading required package: ape
Loading required package: ape
Loading required package: ape
Loading required package: ape
Loading required package: ape
Loading required package: ape
Loading required package: ape
Loading required package: ape
Loading required package: ape
Loading required package: ape
Loading required package: ape
Loading required package: ape
Loading required package: ape
Loading required package: ape
Loading required package: ape
Loading required package: ape
Loading required package: ape
Loading required package: ape
Loading required package: ape
Loading required package: ape
Loading required package: ape
Loading required package: ape
Loading required package: ape
Loading required package: ape
Loading required package: ape
Loading required package: ape
Loading required package: ape
Loading required package: ape
Loading required package: ape
Loading required package: ape
Loading required package: ape
Loading required package: ape
Loading required package: ape
Loading required package: ape
Loading required package: ape
Loading required package: ape
Loading required package: ape
Loading required package: ape
Loading required package: ape
Loading required package: ape
Loading required package: ape
Loading required package: ape
Loading required package: ape
Loading required package: ape
Loading required package: ape
Loading required package: ape
Loading required package: ape
Loading required package: ape
Loading required package: ape
Loading required package: doMPI
Loading required package: doMPI
Loading required package: doMPI
Loading required package: doMPI
Loading required package: doMPI
Loading required package: doMPI
Loading required package: doMPI
Loading required package: doMPI
Loading required package: doMPI
Loading required package: doMPI
Loading required package: doMPI
Loading required package: doMPI
Loading required package: doMPI
Loading required package: doMPI
Loading required package: doMPI
Loading required package: doMPI
Loading required package: doMPI
Loading required package: doMPI
Loading required package: doMPI
Loading required package: doMPI
Loading required package: doMPI
Loading required package: doMPI
Loading required package: doMPI
Loading required package: doMPI
Loading required package: doMPI
Loading required package: doMPI
Loading required package: doMPI
Loading required package: doMPI
Loading required package: doMPI
Loading required package: doMPI
Loading required package: doMPI
Loading required package: doMPI
Loading required package: doMPI
Loading required package: doMPI
Loading required package: doMPI
Loading required package: doMPI
Loading required package: doMPI
Loading required package: doMPI
Loading required package: doMPI
Loading required package: doMPI
Loading required package: doMPI
Loading required package: doMPI
Loading required package: doMPI
Loading required package: doMPI
Loading required package: doMPI
Loading required package: doMPI
Loading required package: doMPI
Loading required package: doMPI
Loading required package: doMPI
Loading required package: doMPI
Loading required package: doMPI
Loading required package: doMPI
Loading required package: doMPI
Loading required package: doMPI
Loading required package: doMPI
Loading required package: doMPI
Loading required package: doMPI
Loading required package: doMPI
Loading required package: doMPI
Loading required package: doMPI
Loading required package: doMPI
Loading required package: doMPI
Loading required package: doMPI
Loading required package: doMPI
Loading required package: doMPI
Loading required package: doMPI
Loading required package: doMPI
Loading required package: doMPI
Loading required package: doMPI
Loading required package: doMPI
Loading required package: doMPI
Loading required package: doMPI
Loading required package: doMPI
Loading required package: doMPI
Loading required package: doMPI
Loading required package: doMPI
Loading required package: doMPI
Loading required package: doMPI
Loading required package: doMPI
Loading required package: foreach
Loading required package: foreach
Loading required package: foreach
Loading required package: foreach
Loading required package: foreach
Loading required package: foreach
Loading required package: foreach
Loading required package: foreach
Loading required package: foreach
Loading required package: foreach
Loading required package: foreach
Loading required package: foreach
Loading required package: foreach
Loading required package: foreach
Loading required package: foreach
Loading required package: foreach
Loading required package: foreach
Loading required package: foreach
Loading required package: foreach
Loading required package: foreach
Loading required package: foreach
Loading required package: foreach
Loading required package: foreach
Loading required package: foreach
Loading required package: foreach
Loading required package: foreach
Loading required package: foreach
Loading required package: foreach
Loading required package: foreach
Loading required package: foreach
Loading required package: foreach
Loading required package: foreach
Loading required package: foreach
Loading required package: foreach
Loading required package: foreach
Loading required package: foreach
Loading required package: foreach
Loading required package: foreach
Loading required package: foreach
Loading required package: foreach
Loading required package: foreach
Loading required package: foreach
Loading required package: foreach
Loading required package: foreach
Loading required package: foreach
Loading required package: foreach
Loading required package: foreach
Loading required package: foreach
Loading required package: foreach
Loading required package: foreach
Loading required package: foreach
Loading required package: foreach
Loading required package: foreach
Loading required package: foreach
Loading required package: foreach
Loading required package: foreach
Loading required package: foreach
Loading required package: foreach
Loading required package: foreach
Loading required package: foreach
Loading required package: foreach
Loading required package: foreach
Loading required package: foreach
Loading required package: foreach
Loading required package: foreach
Loading required package: foreach
Loading required package: foreach
Loading required package: foreach
Loading required package: foreach
Loading required package: foreach
Loading required package: foreach
Loading required package: foreach
Loading required package: foreach
Loading required package: foreach
Loading required package: foreach
Loading required package: foreach
Loading required package: foreach
Loading required package: foreach
Loading required package: foreach
Loading required package: iterators
Loading required package: iterators
Loading required package: iterators
Loading required package: iterators
Loading required package: iterators
Loading required package: iterators
Loading required package: iterators
Loading required package: iterators
Loading required package: iterators
Loading required package: iterators
Loading required package: iterators
Loading required package: iterators
Loading required package: iterators
Loading required package: iterators
Loading required package: iterators
Loading required package: iterators
Loading required package: iterators
Loading required package: iterators
Loading required package: iterators
Loading required package: Rmpi
Loading required package: Rmpi
Loading required package: Rmpi
Loading required package: Rmpi
Loading required package: Rmpi
Loading required package: Rmpi
Loading required package: Rmpi
Loading required package: Rmpi
Loading required package: Rmpi
Loading required package: Rmpi
Loading required package: Rmpi
Loading required package: Rmpi
Loading required package: Rmpi
Loading required package: Rmpi
Loading required package: Rmpi
Loading required package: Rmpi
Loading required package: Rmpi
Loading required package: Rmpi
Loading required package: Rmpi
Loading required package: iterators
Loading required package: iterators
Loading required package: iterators
Loading required package: iterators
Loading required package: iterators
Loading required package: iterators
Loading required package: iterators
Loading required package: iterators
Loading required package: iterators
Loading required package: iterators
Loading required package: iterators
Loading required package: iterators
Loading required package: iterators
Loading required package: iterators
Loading required package: iterators
Loading required package: iterators
Loading required package: iterators
Loading required package: iterators
Loading required package: iterators
Loading required package: iterators
Loading required package: iterators
Loading required package: iterators
Loading required package: iterators
Loading required package: iterators
Loading required package: iterators
Loading required package: iterators
Loading required package: iterators
Loading required package: iterators
Loading required package: iterators
Loading required package: iterators
Loading required package: iterators
Loading required package: iterators
Loading required package: iterators
Loading required package: iterators
Loading required package: iterators
Loading required package: iterators
Loading required package: iterators
Loading required package: iterators
Loading required package: iterators
Loading required package: iterators
Loading required package: iterators
Loading required package: iterators
Loading required package: iterators
Loading required package: iterators
Loading required package: iterators
Loading required package: iterators
Loading required package: iterators
Loading required package: iterators
Loading required package: iterators
Loading required package: iterators
Loading required package: iterators
Loading required package: iterators
Loading required package: iterators
Loading required package: iterators
Loading required package: iterators
Loading required package: iterators
Loading required package: iterators
Loading required package: iterators
Loading required package: iterators
Loading required package: iterators
Loading required package: Rmpi
Loading required package: Rmpi
Loading required package: Rmpi
Loading required package: Rmpi
Loading required package: Rmpi
Loading required package: Rmpi
Loading required package: Rmpi
Loading required package: Rmpi
Loading required package: Rmpi
Loading required package: Rmpi
Loading required package: Rmpi
Loading required package: Rmpi
Loading required package: Rmpi
Loading required package: Rmpi
Loading required package: Rmpi
Loading required package: Rmpi
Loading required package: Rmpi
Loading required package: Rmpi
Loading required package: Rmpi
Loading required package: Rmpi
Loading required package: Rmpi
Loading required package: Rmpi
Loading required package: Rmpi
Loading required package: Rmpi
Loading required package: Rmpi
Loading required package: Rmpi
Loading required package: Rmpi
Loading required package: Rmpi
Loading required package: Rmpi
Loading required package: Rmpi
Loading required package: Rmpi
Loading required package: Rmpi
Loading required package: Rmpi
Loading required package: Rmpi
Loading required package: Rmpi
Loading required package: Rmpi
Loading required package: Rmpi
Loading required package: Rmpi
Loading required package: Rmpi
Loading required package: Rmpi
Loading required package: Rmpi
Loading required package: Rmpi
Loading required package: Rmpi
Loading required package: Rmpi
Loading required package: Rmpi
Loading required package: Rmpi
Loading required package: Rmpi
Loading required package: Rmpi
Loading required package: Rmpi
Loading required package: Rmpi
Loading required package: Rmpi
Loading required package: Rmpi
Loading required package: Rmpi
Loading required package: Rmpi
Loading required package: Rmpi
Loading required package: Rmpi
Loading required package: Rmpi
Loading required package: Rmpi
Loading required package: Rmpi
Loading required package: Rmpi
Loading required package: doMPI
Loading required package: doMPI
Loading required package: doMPI
Loading required package: doMPI
Loading required package: doMPI
Loading required package: doMPI
Loading required package: doMPI
Loading required package: doMPI
Loading required package: doMPI
Loading required package: doMPI
Loading required package: doMPI
Loading required package: foreach
Loading required package: doMPI
Loading required package: doMPI
Loading required package: doMPI
Loading required package: doMPI
Loading required package: doMPI
Loading required package: doMPI
Loading required package: doMPI
Loading required package: doMPI
Loading required package: doMPI
Loading required package: doMPI
Loading required package: doMPI
Loading required package: doMPI
Loading required package: doMPI
Loading required package: doMPI
Loading required package: doMPI
Loading required package: doMPI
Loading required package: doMPI
Loading required package: doMPI
Loading required package: doMPI
Loading required package: foreach
Loading required package: foreach
Loading required package: foreach
Loading required package: foreach
Loading required package: foreach
Loading required package: foreach
Loading required package: foreach
Loading required package: foreach
Loading required package: foreach
Loading required package: foreach
Loading required package: foreach
Loading required package: foreach
Loading required package: foreach
Loading required package: foreach
Loading required package: foreach
Loading required package: foreach
Loading required package: foreach
Loading required package: foreach
Loading required package: foreach
Loading required package: foreach
Loading required package: foreach
Loading required package: foreach
Loading required package: foreach
Loading required package: foreach
Loading required package: foreach
Loading required package: foreach
Loading required package: foreach
Loading required package: foreach
Loading required package: foreach
Loading required package: iterators
Loading required package: iterators
Loading required package: Rmpi
Loading required package: iterators
Loading required package: iterators
Loading required package: iterators
Loading required package: iterators
Loading required package: iterators
Loading required package: iterators
Loading required package: iterators
Loading required package: iterators
Loading required package: iterators
Loading required package: iterators
Loading required package: iterators
Loading required package: iterators
Loading required package: iterators
Loading required package: iterators
Loading required package: iterators
Loading required package: iterators
Loading required package: iterators
Loading required package: iterators
Loading required package: iterators
Loading required package: iterators
Loading required package: iterators
Loading required package: iterators
Loading required package: iterators
Loading required package: iterators
Loading required package: iterators
Loading required package: iterators
Loading required package: iterators
Loading required package: iterators
Loading required package: Rmpi
Loading required package: Rmpi
Loading required package: Rmpi
Loading required package: Rmpi
Loading required package: Rmpi
Loading required package: Rmpi
Loading required package: Rmpi
Loading required package: Rmpi
Loading required package: Rmpi
Loading required package: Rmpi
Loading required package: Rmpi
Loading required package: Rmpi
Loading required package: Rmpi
Loading required package: Rmpi
Loading required package: Rmpi
Loading required package: Rmpi
Loading required package: Rmpi
Loading required package: Rmpi
Loading required package: Rmpi
Loading required package: Rmpi
Loading required package: Rmpi
Loading required package: Rmpi
Loading required package: Rmpi
Loading required package: Rmpi
Loading required package: Rmpi
Loading required package: Rmpi
Loading required package: Rmpi
Loading required package: Rmpi
Loading required package: Rmpi
Loading required package: doMPI
Loading required package: doMPI
Loading required package: foreach
Loading required package: doMPI
Loading required package: doMPI
Loading required package: doMPI
Loading required package: doMPI
Loading required package: doMPI
Loading required package: foreach
Loading required package: doMPI
Loading required package: foreach
Loading required package: doMPI
Loading required package: doMPI
Loading required package: doMPI
Loading required package: doMPI
Loading required package: doMPI
Loading required package: doMPI
Loading required package: doMPI
Loading required package: doMPI
Loading required package: doMPI
Loading required package: doMPI
Loading required package: doMPI
Loading required package: foreach
Loading required package: foreach
Loading required package: foreach
Loading required package: foreach
Loading required package: foreach
Loading required package: foreach
Loading required package: doMPI
Loading required package: foreach
Loading required package: foreach
Loading required package: foreach
Loading required package: doMPI
Loading required package: foreach
Loading required package: foreach
Loading required package: doMPI
Loading required package: foreach
Loading required package: foreach
Loading required package: foreach
Loading required package: foreach
Loading required package: foreach
Loading required package: doMPI
Loading required package: foreach
Loading required package: foreach
Loading required package: foreach
Loading required package: iterators
Loading required package: foreach
Loading required package: iterators
Loading required package: iterators
Loading required package: Rmpi
Loading required package: Rmpi
Loading required package: iterators
Loading required package: iterators
Loading required package: iterators
Loading required package: iterators
Loading required package: iterators
Loading required package: iterators
Loading required package: iterators
Loading required package: iterators
Loading required package: iterators
Loading required package: iterators
Loading required package: Rmpi
Loading required package: iterators
Loading required package: iterators
Loading required package: iterators
Loading required package: iterators
Loading required package: Rmpi
Loading required package: Rmpi
Loading required package: Rmpi
Loading required package: iterators
Loading required package: iterators
Loading required package: Rmpi
Loading required package: iterators
Loading required package: Rmpi
Loading required package: Rmpi
Loading required package: Rmpi
Loading required package: Rmpi
Loading required package: iterators
Loading required package: Rmpi
Loading required package: Rmpi
Loading required package: Rmpi
Loading required package: Rmpi
Loading required package: iterators
Loading required package: Rmpi
Loading required package: Rmpi
Loading required package: Rmpi
Loading required package: Rmpi
Loading required package: Rmpi
Loading required package: iterators
Loading required package: Rmpi
Loading required package: Rmpi
Loading required package: Rmpi
Error in { : task 5 failed - "NA/NaN argument"
Calls: run_sim -> %dopar% -> <Anonymous>
Execution halted
-------------------------------------------------------
Primary job  terminated normally, but 1 process returned
a non-zero exit code.. Per user-direction, the job has been aborted.
-------------------------------------------------------
--------------------------------------------------------------------------
mpirun detected that one or more processes exited with non-zero status, thus causing
the job to be terminated. The first process to do so was:

  Process name: [[29862,1],0]
  Exit code:    1
--------------------------------------------------------------------------
